<?xml version="1.0" encoding="UTF-8"?>
<!-- Generated by org.testng.reporters.JUnitReportReporter -->
<testsuite hostname="LAPTOP-50IMME7B" failures="0" tests="2" name="selenium.SeleniumTesting.ErrorValidation" time="17.096" errors="0" timestamp="2024-02-25T14:59:52 GMT-06:00" skipped="0">
  <testcase classname="selenium.SeleniumTesting.ErrorValidation" name="getProductErrorValidation" time="10.434"/>
  <testcase classname="selenium.SeleniumTesting.ErrorValidation" name="getLoginErrorValidation" time="6.662"/>
</testsuite> <!-- selenium.SeleniumTesting.ErrorValidation -->
