<?xml version="1.0" encoding="UTF-8"?>
<!-- Generated by org.testng.reporters.JUnitReportReporter -->
<testsuite hostname="LAPTOP-50IMME7B" failures="0" tests="3" name="selenium.SeleniumTesting.SubmitOrder" time="33.110" errors="0" timestamp="2024-02-25T14:59:52 GMT-06:00" skipped="0">
  <testcase classname="selenium.SeleniumTesting.SubmitOrder" name="submitorder" time="12.080"/>
  <testcase classname="selenium.SeleniumTesting.SubmitOrder" name="orderHistory" time="7.619"/>
  <testcase classname="selenium.SeleniumTesting.SubmitOrder" name="submitorder" time="13.411"/>
</testsuite> <!-- selenium.SeleniumTesting.SubmitOrder -->
