<?xml version="1.0" encoding="UTF-8"?>
<!-- Generated by org.testng.reporters.JUnitReportReporter -->
<testsuite hostname="LAPTOP-50IMME7B" failures="0" tests="1" name="cucumber.TestRunner" time="11.716" errors="0" timestamp="2024-02-28T10:49:48 GMT-06:00" skipped="0">
  <testcase classname="cucumber.TestRunner" name="runScenario" time="11.716"/>
</testsuite> <!-- cucumber.TestRunner -->
