<?xml version="1.0" encoding="UTF-8"?>
<!-- Generated by org.testng.reporters.JUnitReportReporter -->
<testsuite hostname="LAPTOP-50IMME7B" failures="0" tests="3" name="selenium.SeleniumTesting.SubmitOrder" time="34.507" errors="0" timestamp="2024-02-25T15:03:04 GMT-06:00" skipped="0">
  <testcase classname="selenium.SeleniumTesting.SubmitOrder" name="orderHistory" time="13.443"/>
  <testcase classname="selenium.SeleniumTesting.SubmitOrder" name="submitorder" time="9.463"/>
  <testcase classname="selenium.SeleniumTesting.SubmitOrder" name="submitorder" time="11.601"/>
</testsuite> <!-- selenium.SeleniumTesting.SubmitOrder -->
