<?xml version="1.0" encoding="UTF-8"?>
<!-- Generated by org.testng.reporters.JUnitReportReporter -->
<testsuite hostname="LAPTOP-50IMME7B" failures="0" tests="2" name="selenium.SeleniumTesting.ErrorValidation" time="18.874" errors="0" timestamp="2024-02-25T15:03:04 GMT-06:00" skipped="0">
  <testcase classname="selenium.SeleniumTesting.ErrorValidation" name="getProductErrorValidation" time="9.752"/>
  <testcase classname="selenium.SeleniumTesting.ErrorValidation" name="getLoginErrorValidation" time="9.122"/>
</testsuite> <!-- selenium.SeleniumTesting.ErrorValidation -->
